#! /usr/local/Cellar/icarus-verilog/10.1.1/bin/vvp
:ivl_version "10.1 (stable)" "(v10_1_1)";
:ivl_delay_selection "TYPICAL";
:vpi_time_precision + 0;
:vpi_module "system";
:vpi_module "vhdl_sys";
:vpi_module "v2005_math";
:vpi_module "va_math";
S_0x7f9e7dd1d270 .scope module, "clear" "clear" 2 4;
 .timescale 0 0;
    .port_info 0 /INPUT 1 "clk"
    .port_info 1 /INPUT 1 "rst"
    .port_info 2 /INPUT 960 "cur_board"
    .port_info 3 /OUTPUT 3 "num_to_clear"
    .port_info 4 /OUTPUT 960 "nxt_board"
L_0x7f9e7dd38380 .functor BUFZ 960, v0x7f9e7dd352a0_0, C4<000000000000000000000000000000000000000000000000000000000000000000000000000000000000000000000000000000000000000000000000000000000000000000000000000000000000000000000000000000000000000000000000000000000000000000000000000000000000000000000000000000000000000000000000000000000000000000000000000000000000000000000000000000000000000000000000000000000000000000000000000000000000000000000000000000000000000000000000000000000000000000000000000000000000000000000000000000000000000000000000000000000000000000000000000000000000000000000000000000000000000000000000000000000000000000000000000000000000000000000000000000000000000000000000000000000000000000000000000000000000000000000000000000000000000000000000000000000000000000000000000000000000000000000000000000000000000000000000000000000000000000000000000000000000000000000000000000000000000000000000000000000000000000000000000000000000000000000000000000000000000000000000000000000000000000000000000000000000000000000000>, C4<000000000000000000000000000000000000000000000000000000000000000000000000000000000000000000000000000000000000000000000000000000000000000000000000000000000000000000000000000000000000000000000000000000000000000000000000000000000000000000000000000000000000000000000000000000000000000000000000000000000000000000000000000000000000000000000000000000000000000000000000000000000000000000000000000000000000000000000000000000000000000000000000000000000000000000000000000000000000000000000000000000000000000000000000000000000000000000000000000000000000000000000000000000000000000000000000000000000000000000000000000000000000000000000000000000000000000000000000000000000000000000000000000000000000000000000000000000000000000000000000000000000000000000000000000000000000000000000000000000000000000000000000000000000000000000000000000000000000000000000000000000000000000000000000000000000000000000000000000000000000000000000000000000000000000000000000000000000000000000000000>, C4<000000000000000000000000000000000000000000000000000000000000000000000000000000000000000000000000000000000000000000000000000000000000000000000000000000000000000000000000000000000000000000000000000000000000000000000000000000000000000000000000000000000000000000000000000000000000000000000000000000000000000000000000000000000000000000000000000000000000000000000000000000000000000000000000000000000000000000000000000000000000000000000000000000000000000000000000000000000000000000000000000000000000000000000000000000000000000000000000000000000000000000000000000000000000000000000000000000000000000000000000000000000000000000000000000000000000000000000000000000000000000000000000000000000000000000000000000000000000000000000000000000000000000000000000000000000000000000000000000000000000000000000000000000000000000000000000000000000000000000000000000000000000000000000000000000000000000000000000000000000000000000000000000000000000000000000000000000000000000000000000>;
L_0x10ce250e0 .functor BUFT 1, C4<00000000000000000000001011010000>, C4<0>, C4<0>, C4<0>;
v0x7f9e7dd1df80_0 .net/2u *"_s10", 31 0, L_0x10ce250e0;  1 drivers
v0x7f9e7dd32160_0 .net *"_s100", 2 0, L_0x7f9e7dd37920;  1 drivers
v0x7f9e7dd32200_0 .net *"_s102", 31 0, L_0x7f9e7dd37b50;  1 drivers
L_0x10ce25638 .functor BUFT 1, C4<000000000000000000000000000>, C4<0>, C4<0>, C4<0>;
v0x7f9e7dd322b0_0 .net *"_s105", 26 0, L_0x10ce25638;  1 drivers
L_0x10ce25680 .functor BUFT 1, C4<00000000000000000000000000000011>, C4<0>, C4<0>, C4<0>;
v0x7f9e7dd32360_0 .net/2u *"_s106", 31 0, L_0x10ce25680;  1 drivers
v0x7f9e7dd32450_0 .net *"_s108", 0 0, L_0x7f9e7dd37780;  1 drivers
L_0x10ce256c8 .functor BUFT 1, C4<00000000000000000000001011010000>, C4<0>, C4<0>, C4<0>;
v0x7f9e7dd324f0_0 .net/2u *"_s110", 31 0, L_0x10ce256c8;  1 drivers
v0x7f9e7dd325a0_0 .net *"_s112", 31 0, L_0x7f9e7dd37a60;  1 drivers
L_0x10ce25710 .functor BUFT 1, C4<000000000000000000000000000>, C4<0>, C4<0>, C4<0>;
v0x7f9e7dd32650_0 .net *"_s115", 26 0, L_0x10ce25710;  1 drivers
v0x7f9e7dd32760_0 .net *"_s116", 31 0, L_0x7f9e7dd37e70;  1 drivers
L_0x10ce25758 .functor BUFT 1, C4<00000000000000000000000000100100>, C4<0>, C4<0>, C4<0>;
v0x7f9e7dd32810_0 .net/2u *"_s118", 31 0, L_0x10ce25758;  1 drivers
v0x7f9e7dd328c0_0 .net *"_s12", 31 0, L_0x7f9e7dd35910;  1 drivers
v0x7f9e7dd32970_0 .net *"_s120", 31 0, L_0x7f9e7dd37c70;  1 drivers
v0x7f9e7dd32a20_0 .net *"_s123", 11 0, L_0x7f9e7dd38060;  1 drivers
v0x7f9e7dd32ad0_0 .net *"_s124", 0 0, L_0x7f9e7dd37f10;  1 drivers
v0x7f9e7dd32b70_0 .net *"_s126", 2 0, L_0x7f9e7dd382a0;  1 drivers
L_0x10ce257a0 .functor BUFT 1, C4<00>, C4<0>, C4<0>, C4<0>;
v0x7f9e7dd32c20_0 .net *"_s129", 1 0, L_0x10ce257a0;  1 drivers
L_0x10ce257e8 .functor BUFT 1, C4<000>, C4<0>, C4<0>, C4<0>;
v0x7f9e7dd32db0_0 .net/2u *"_s130", 2 0, L_0x10ce257e8;  1 drivers
v0x7f9e7dd32e40_0 .net *"_s132", 2 0, L_0x7f9e7dd381c0;  1 drivers
L_0x10ce25128 .functor BUFT 1, C4<000000000000000000000000000>, C4<0>, C4<0>, C4<0>;
v0x7f9e7dd32ef0_0 .net *"_s15", 26 0, L_0x10ce25128;  1 drivers
v0x7f9e7dd32fa0_0 .net *"_s16", 31 0, L_0x7f9e7dd35ab0;  1 drivers
L_0x10ce25170 .functor BUFT 1, C4<00000000000000000000000000000000>, C4<0>, C4<0>, C4<0>;
v0x7f9e7dd33050_0 .net/2u *"_s18", 31 0, L_0x10ce25170;  1 drivers
v0x7f9e7dd33100_0 .net *"_s2", 31 0, L_0x7f9e7dd35680;  1 drivers
v0x7f9e7dd331b0_0 .net *"_s20", 31 0, L_0x7f9e7dd35bf0;  1 drivers
v0x7f9e7dd33260_0 .net *"_s23", 11 0, L_0x7f9e7dd35d30;  1 drivers
v0x7f9e7dd33310_0 .net *"_s24", 0 0, L_0x7f9e7dd35e10;  1 drivers
v0x7f9e7dd333b0_0 .net *"_s26", 2 0, L_0x7f9e7dd35f70;  1 drivers
L_0x10ce251b8 .functor BUFT 1, C4<00>, C4<0>, C4<0>, C4<0>;
v0x7f9e7dd33460_0 .net *"_s29", 1 0, L_0x10ce251b8;  1 drivers
L_0x10ce25200 .functor BUFT 1, C4<000>, C4<0>, C4<0>, C4<0>;
v0x7f9e7dd33510_0 .net/2u *"_s30", 2 0, L_0x10ce25200;  1 drivers
v0x7f9e7dd335c0_0 .net *"_s32", 2 0, L_0x7f9e7dd36090;  1 drivers
v0x7f9e7dd33670_0 .net *"_s34", 31 0, L_0x7f9e7dd36200;  1 drivers
L_0x10ce25248 .functor BUFT 1, C4<000000000000000000000000000>, C4<0>, C4<0>, C4<0>;
v0x7f9e7dd33720_0 .net *"_s37", 26 0, L_0x10ce25248;  1 drivers
L_0x10ce25290 .functor BUFT 1, C4<00000000000000000000000000000001>, C4<0>, C4<0>, C4<0>;
v0x7f9e7dd337d0_0 .net/2u *"_s38", 31 0, L_0x10ce25290;  1 drivers
v0x7f9e7dd32cd0_0 .net *"_s40", 0 0, L_0x7f9e7dd36360;  1 drivers
L_0x10ce252d8 .functor BUFT 1, C4<00000000000000000000001011010000>, C4<0>, C4<0>, C4<0>;
v0x7f9e7dd33a60_0 .net/2u *"_s42", 31 0, L_0x10ce252d8;  1 drivers
v0x7f9e7dd33af0_0 .net *"_s44", 31 0, L_0x7f9e7dd364a0;  1 drivers
L_0x10ce25320 .functor BUFT 1, C4<000000000000000000000000000>, C4<0>, C4<0>, C4<0>;
v0x7f9e7dd33b80_0 .net *"_s47", 26 0, L_0x10ce25320;  1 drivers
v0x7f9e7dd33c30_0 .net *"_s48", 31 0, L_0x7f9e7dd365c0;  1 drivers
L_0x10ce25050 .functor BUFT 1, C4<000000000000000000000000000>, C4<0>, C4<0>, C4<0>;
v0x7f9e7dd33ce0_0 .net *"_s5", 26 0, L_0x10ce25050;  1 drivers
L_0x10ce25368 .functor BUFT 1, C4<00000000000000000000000000001100>, C4<0>, C4<0>, C4<0>;
v0x7f9e7dd33d90_0 .net/2u *"_s50", 31 0, L_0x10ce25368;  1 drivers
v0x7f9e7dd33e40_0 .net *"_s52", 31 0, L_0x7f9e7dd36730;  1 drivers
v0x7f9e7dd33ef0_0 .net *"_s55", 11 0, L_0x7f9e7dd36810;  1 drivers
v0x7f9e7dd33fa0_0 .net *"_s56", 0 0, L_0x7f9e7dd369b0;  1 drivers
v0x7f9e7dd34040_0 .net *"_s58", 2 0, L_0x7f9e7dd36a50;  1 drivers
L_0x10ce25098 .functor BUFT 1, C4<00000000000000000000000000000000>, C4<0>, C4<0>, C4<0>;
v0x7f9e7dd340f0_0 .net/2u *"_s6", 31 0, L_0x10ce25098;  1 drivers
L_0x10ce253b0 .functor BUFT 1, C4<00>, C4<0>, C4<0>, C4<0>;
v0x7f9e7dd341a0_0 .net *"_s61", 1 0, L_0x10ce253b0;  1 drivers
L_0x10ce253f8 .functor BUFT 1, C4<000>, C4<0>, C4<0>, C4<0>;
v0x7f9e7dd34250_0 .net/2u *"_s62", 2 0, L_0x10ce253f8;  1 drivers
v0x7f9e7dd34300_0 .net *"_s64", 2 0, L_0x7f9e7dd36c00;  1 drivers
v0x7f9e7dd343b0_0 .net *"_s66", 2 0, L_0x7f9e7dd36ce0;  1 drivers
v0x7f9e7dd34460_0 .net *"_s68", 31 0, L_0x7f9e7dd36ec0;  1 drivers
L_0x10ce25440 .functor BUFT 1, C4<000000000000000000000000000>, C4<0>, C4<0>, C4<0>;
v0x7f9e7dd34510_0 .net *"_s71", 26 0, L_0x10ce25440;  1 drivers
L_0x10ce25488 .functor BUFT 1, C4<00000000000000000000000000000010>, C4<0>, C4<0>, C4<0>;
v0x7f9e7dd345c0_0 .net/2u *"_s72", 31 0, L_0x10ce25488;  1 drivers
v0x7f9e7dd34670_0 .net *"_s74", 0 0, L_0x7f9e7dd37060;  1 drivers
L_0x10ce254d0 .functor BUFT 1, C4<00000000000000000000001011010000>, C4<0>, C4<0>, C4<0>;
v0x7f9e7dd34710_0 .net/2u *"_s76", 31 0, L_0x10ce254d0;  1 drivers
v0x7f9e7dd347c0_0 .net *"_s78", 31 0, L_0x7f9e7dd36e20;  1 drivers
v0x7f9e7dd34870_0 .net *"_s8", 0 0, L_0x7f9e7dd357d0;  1 drivers
L_0x10ce25518 .functor BUFT 1, C4<000000000000000000000000000>, C4<0>, C4<0>, C4<0>;
v0x7f9e7dd34910_0 .net *"_s81", 26 0, L_0x10ce25518;  1 drivers
v0x7f9e7dd349c0_0 .net *"_s82", 31 0, L_0x7f9e7dd371b0;  1 drivers
L_0x10ce25560 .functor BUFT 1, C4<00000000000000000000000000011000>, C4<0>, C4<0>, C4<0>;
v0x7f9e7dd34a70_0 .net/2u *"_s84", 31 0, L_0x10ce25560;  1 drivers
v0x7f9e7dd34b20_0 .net *"_s86", 31 0, L_0x7f9e7dd37100;  1 drivers
v0x7f9e7dd34bd0_0 .net *"_s89", 11 0, L_0x7f9e7dd37450;  1 drivers
v0x7f9e7dd34c80_0 .net *"_s90", 0 0, L_0x7f9e7dd37600;  1 drivers
v0x7f9e7dd34d20_0 .net *"_s92", 2 0, L_0x7f9e7dd376a0;  1 drivers
L_0x10ce255a8 .functor BUFT 1, C4<00>, C4<0>, C4<0>, C4<0>;
v0x7f9e7dd34dd0_0 .net *"_s95", 1 0, L_0x10ce255a8;  1 drivers
L_0x10ce255f0 .functor BUFT 1, C4<000>, C4<0>, C4<0>, C4<0>;
v0x7f9e7dd34e80_0 .net/2u *"_s96", 2 0, L_0x10ce255f0;  1 drivers
v0x7f9e7dd33880_0 .net *"_s98", 2 0, L_0x7f9e7dd37530;  1 drivers
o0x10cdf3c68 .functor BUFZ 1, C4<z>; HiZ drive
v0x7f9e7dd33930_0 .net "clk", 0 0, o0x10cdf3c68;  0 drivers
v0x7f9e7dd339d0_0 .var "ctr", 4 0;
v0x7f9e7dd34f30_0 .var "ctr_nx", 4 0;
o0x10cdf3cf8 .functor BUFZ 960, C4<zzzzzzzzzzzzzzzzzzzzzzzzzzzzzzzzzzzzzzzzzzzzzzzzzzzzzzzzzzzzzzzzzzzzzzzzzzzzzzzzzzzzzzzzzzzzzzzzzzzzzzzzzzzzzzzzzzzzzzzzzzzzzzzzzzzzzzzzzzzzzzzzzzzzzzzzzzzzzzzzzzzzzzzzzzzzzzzzzzzzzzzzzzzzzzzzzzzzzzzzzzzzzzzzzzzzzzzzzzzzzzzzzzzzzzzzzzzzzzzzzzzzzzzzzzzzzzzzzzzzzzzzzzzzzzzzzzzzzzzzzzzzzzzzzzzzzzzzzzzzzzzzzzzzzzzzzzzzzzzzzzzzzzzzzzzzzzzzzzzzzzzzzzzzzzzzzzzzzzzzzzzzzzzzzzzzzzzzzzzzzzzzzzzzzzzzzzzzzzzzzzzzzzzzzzzzzzzzzzzzzzzzzzzzzzzzzzzzzzzzzzzzzzzzzzzzzzzzzzzzzzzzzzzzzzzzzzzzzzzzzzzzzzzzzzzzzzzzzzzzzzzzzzzzzzzzzzzzzzzzzzzzzzzzzzzzzzzzzzzzzzzzzzzzzzzzzzzzzzzzzzzzzzzzzzzzzzzzzzzzzzzzzzzzzzzzzzzzzzzzzzzzzzzzzzzzzzzzzzzzzzzzzzzzzzzzzzzzzzzzzzzzzzzzzzzzzzzzzzzzzzzzzzzzzzzzzzzzzzzzzzzzzzzzzzzzzzzzzzzzzzzzzzzzzzzzzzzzzzzzzzzzzzzzzzzzzzzzzzzzzzzzzzzzzzzzzzzzzzzzzzzzzzzzzzzzzzzzzzzzzzzzzzzzzzzzzzzzzzzzzzzzzzzzzzzzzzzzzzzzzzzzzzzzzzzzzzzzzzzzzzzzzzzzzzzzzzzzzzzzzzzzzzzzzzzzzzzzzzzzzzzzzzzzzzzzzzzzzzzzzzzzzzzzzzzzzzzzzzzzzzzzzzzzzzzzzzzzzzzzzzzzzzzzzzzzzzzzzzzz>; HiZ drive
v0x7f9e7dd34fe0_0 .net "cur_board", 959 0, o0x10cdf3cf8;  0 drivers
v0x7f9e7dd35090_0 .var "first_to_clear", 4 0;
v0x7f9e7dd35140_0 .net "num_to_clear", 2 0, L_0x7f9e7dd38530;  1 drivers
v0x7f9e7dd351f0_0 .net "nxt_board", 959 0, L_0x7f9e7dd38380;  1 drivers
v0x7f9e7dd352a0_0 .var "nxt_board_nx", 959 0;
L_0x10ce25878 .functor BUFT 1, C4<111111111111111111111111111111111111>, C4<0>, C4<0>, C4<0>;
v0x7f9e7dd35350_0 .net "row_dummy", 35 0, L_0x10ce25878;  1 drivers
L_0x10ce25830 .functor BUFT 1, C4<111111111111>, C4<0>, C4<0>, C4<0>;
v0x7f9e7dd35400_0 .net "row_emptied", 11 0, L_0x10ce25830;  1 drivers
L_0x10ce25008 .functor BUFT 1, C4<111111111111>, C4<0>, C4<0>, C4<0>;
v0x7f9e7dd354b0_0 .net "row_filled", 11 0, L_0x10ce25008;  1 drivers
o0x10cdf3e78 .functor BUFZ 1, C4<z>; HiZ drive
v0x7f9e7dd35560_0 .net "rst", 0 0, o0x10cdf3e78;  0 drivers
E_0x7f9e7dd1d4f0/0 .event edge, v0x7f9e7dd339d0_0, v0x7f9e7dd351f0_0, v0x7f9e7dd35350_0, v0x7f9e7dd354b0_0;
E_0x7f9e7dd1d4f0/1 .event edge, v0x7f9e7dd35090_0, v0x7f9e7dd34fe0_0, v0x7f9e7dd35140_0, v0x7f9e7dd35400_0;
E_0x7f9e7dd1d4f0 .event/or E_0x7f9e7dd1d4f0/0, E_0x7f9e7dd1d4f0/1;
E_0x7f9e7dd0e730 .event posedge, v0x7f9e7dd35560_0, v0x7f9e7dd33930_0;
L_0x7f9e7dd35680 .concat [ 5 27 0 0], v0x7f9e7dd35090_0, L_0x10ce25050;
L_0x7f9e7dd357d0 .cmp/ge 32, L_0x7f9e7dd35680, L_0x10ce25098;
L_0x7f9e7dd35910 .concat [ 5 27 0 0], v0x7f9e7dd35090_0, L_0x10ce25128;
L_0x7f9e7dd35ab0 .arith/sum 32, L_0x10ce250e0, L_0x7f9e7dd35910;
L_0x7f9e7dd35bf0 .arith/sub 32, L_0x7f9e7dd35ab0, L_0x10ce25170;
L_0x7f9e7dd35d30 .part/v o0x10cdf3cf8, L_0x7f9e7dd35bf0, 12;
L_0x7f9e7dd35e10 .cmp/eq 12, L_0x7f9e7dd35d30, L_0x10ce25008;
L_0x7f9e7dd35f70 .concat [ 1 2 0 0], L_0x7f9e7dd35e10, L_0x10ce251b8;
L_0x7f9e7dd36090 .functor MUXZ 3, L_0x10ce25200, L_0x7f9e7dd35f70, L_0x7f9e7dd357d0, C4<>;
L_0x7f9e7dd36200 .concat [ 5 27 0 0], v0x7f9e7dd35090_0, L_0x10ce25248;
L_0x7f9e7dd36360 .cmp/ge 32, L_0x7f9e7dd36200, L_0x10ce25290;
L_0x7f9e7dd364a0 .concat [ 5 27 0 0], v0x7f9e7dd35090_0, L_0x10ce25320;
L_0x7f9e7dd365c0 .arith/sum 32, L_0x10ce252d8, L_0x7f9e7dd364a0;
L_0x7f9e7dd36730 .arith/sub 32, L_0x7f9e7dd365c0, L_0x10ce25368;
L_0x7f9e7dd36810 .part/v o0x10cdf3cf8, L_0x7f9e7dd36730, 12;
L_0x7f9e7dd369b0 .cmp/eq 12, L_0x7f9e7dd36810, L_0x10ce25008;
L_0x7f9e7dd36a50 .concat [ 1 2 0 0], L_0x7f9e7dd369b0, L_0x10ce253b0;
L_0x7f9e7dd36c00 .functor MUXZ 3, L_0x10ce253f8, L_0x7f9e7dd36a50, L_0x7f9e7dd36360, C4<>;
L_0x7f9e7dd36ce0 .arith/sum 3, L_0x7f9e7dd36090, L_0x7f9e7dd36c00;
L_0x7f9e7dd36ec0 .concat [ 5 27 0 0], v0x7f9e7dd35090_0, L_0x10ce25440;
L_0x7f9e7dd37060 .cmp/ge 32, L_0x7f9e7dd36ec0, L_0x10ce25488;
L_0x7f9e7dd36e20 .concat [ 5 27 0 0], v0x7f9e7dd35090_0, L_0x10ce25518;
L_0x7f9e7dd371b0 .arith/sum 32, L_0x10ce254d0, L_0x7f9e7dd36e20;
L_0x7f9e7dd37100 .arith/sub 32, L_0x7f9e7dd371b0, L_0x10ce25560;
L_0x7f9e7dd37450 .part/v o0x10cdf3cf8, L_0x7f9e7dd37100, 12;
L_0x7f9e7dd37600 .cmp/eq 12, L_0x7f9e7dd37450, L_0x10ce25008;
L_0x7f9e7dd376a0 .concat [ 1 2 0 0], L_0x7f9e7dd37600, L_0x10ce255a8;
L_0x7f9e7dd37530 .functor MUXZ 3, L_0x10ce255f0, L_0x7f9e7dd376a0, L_0x7f9e7dd37060, C4<>;
L_0x7f9e7dd37920 .arith/sum 3, L_0x7f9e7dd36ce0, L_0x7f9e7dd37530;
L_0x7f9e7dd37b50 .concat [ 5 27 0 0], v0x7f9e7dd35090_0, L_0x10ce25638;
L_0x7f9e7dd37780 .cmp/ge 32, L_0x7f9e7dd37b50, L_0x10ce25680;
L_0x7f9e7dd37a60 .concat [ 5 27 0 0], v0x7f9e7dd35090_0, L_0x10ce25710;
L_0x7f9e7dd37e70 .arith/sum 32, L_0x10ce256c8, L_0x7f9e7dd37a60;
L_0x7f9e7dd37c70 .arith/sub 32, L_0x7f9e7dd37e70, L_0x10ce25758;
L_0x7f9e7dd38060 .part/v o0x10cdf3cf8, L_0x7f9e7dd37c70, 12;
L_0x7f9e7dd37f10 .cmp/eq 12, L_0x7f9e7dd38060, L_0x10ce25008;
L_0x7f9e7dd382a0 .concat [ 1 2 0 0], L_0x7f9e7dd37f10, L_0x10ce257a0;
L_0x7f9e7dd381c0 .functor MUXZ 3, L_0x10ce257e8, L_0x7f9e7dd382a0, L_0x7f9e7dd37780, C4<>;
L_0x7f9e7dd38530 .arith/sum 3, L_0x7f9e7dd37920, L_0x7f9e7dd381c0;
    .scope S_0x7f9e7dd1d270;
T_0 ;
    %wait E_0x7f9e7dd0e730;
    %load/vec4 v0x7f9e7dd35560_0;
    %flag_set/vec4 8;
    %jmp/0 T_0.0, 8;
    %pushi/vec4 19, 0, 6;
    %jmp/1 T_0.1, 8;
T_0.0 ; End of true expr.
    %pushi/vec4 0, 0, 32;
    %load/vec4 v0x7f9e7dd35090_0;
    %pad/u 32;
    %cmp/u;
    %flag_get/vec4 5;
    %load/vec4 v0x7f9e7dd34fe0_0;
    %pushi/vec4 720, 0, 32;
    %load/vec4 v0x7f9e7dd35090_0;
    %pad/u 32;
    %muli 12, 0, 32;
    %add;
    %part/u 12;
    %nor/r;
    %and;
    %load/vec4 v0x7f9e7dd34fe0_0;
    %pushi/vec4 720, 0, 32;
    %load/vec4 v0x7f9e7dd35090_0;
    %pad/u 32;
    %add;
    %subi 12, 0, 32;
    %part/u 12;
    %load/vec4 v0x7f9e7dd354b0_0;
    %cmp/e;
    %flag_get/vec4 4;
    %and;
    %flag_set/vec4 9;
    %jmp/0 T_0.2, 9;
    %load/vec4 v0x7f9e7dd35090_0;
    %pad/u 6;
    %subi 1, 0, 6;
    %jmp/1 T_0.3, 9;
T_0.2 ; End of true expr.
    %load/vec4 v0x7f9e7dd35090_0;
    %pad/u 6;
    %jmp/0 T_0.3, 9;
 ; End of false expr.
    %blend;
T_0.3;
    %jmp/0 T_0.1, 8;
 ; End of false expr.
    %blend;
T_0.1;
    %pad/u 5;
    %assign/vec4 v0x7f9e7dd35090_0, 0;
    %load/vec4 v0x7f9e7dd35560_0;
    %flag_set/vec4 8;
    %jmp/0 T_0.4, 8;
    %pushi/vec4 0, 0, 5;
    %jmp/1 T_0.5, 8;
T_0.4 ; End of true expr.
    %load/vec4 v0x7f9e7dd34f30_0;
    %jmp/0 T_0.5, 8;
 ; End of false expr.
    %blend;
T_0.5;
    %assign/vec4 v0x7f9e7dd339d0_0, 0;
    %jmp T_0;
    .thread T_0;
    .scope S_0x7f9e7dd1d270;
T_1 ;
    %wait E_0x7f9e7dd1d4f0;
    %load/vec4 v0x7f9e7dd339d0_0;
    %pad/u 32;
    %addi 1, 0, 32;
    %cmpi/u 20, 0, 32;
    %flag_mov 8, 5;
    %jmp/0 T_1.0, 8;
    %load/vec4 v0x7f9e7dd339d0_0;
    %pad/u 6;
    %addi 1, 0, 6;
    %jmp/1 T_1.1, 8;
T_1.0 ; End of true expr.
    %pushi/vec4 20, 0, 6;
    %jmp/0 T_1.1, 8;
 ; End of false expr.
    %blend;
T_1.1;
    %pad/u 5;
    %assign/vec4 v0x7f9e7dd34f30_0, 0;
    %load/vec4 v0x7f9e7dd339d0_0;
    %pad/u 32;
    %cmpi/e 20, 0, 32;
    %flag_mov 8, 4;
    %jmp/0 T_1.2, 8;
    %load/vec4 v0x7f9e7dd351f0_0;
    %jmp/1 T_1.3, 8;
T_1.2 ; End of true expr.
    %load/vec4 v0x7f9e7dd351f0_0;
    %load/vec4 v0x7f9e7dd35350_0;
    %pad/u 960;
    %load/vec4 v0x7f9e7dd339d0_0;
    %pad/u 32;
    %muli 12, 0, 32;
    %muli 3, 0, 32;
    %ix/vec4 4;
    %shiftl 4;
    %or;
    %load/vec4 v0x7f9e7dd354b0_0;
    %pad/u 960;
    %pushi/vec4 720, 0, 32;
    %load/vec4 v0x7f9e7dd339d0_0;
    %pad/u 32;
    %muli 12, 0, 32;
    %add;
    %ix/vec4 4;
    %shiftl 4;
    %or;
    %load/vec4 v0x7f9e7dd35350_0;
    %pad/u 960;
    %load/vec4 v0x7f9e7dd339d0_0;
    %pad/u 32;
    %muli 12, 0, 32;
    %muli 3, 0, 32;
    %ix/vec4 4;
    %shiftl 4;
    %load/vec4 v0x7f9e7dd354b0_0;
    %pad/u 960;
    %pushi/vec4 720, 0, 32;
    %load/vec4 v0x7f9e7dd339d0_0;
    %pad/u 32;
    %muli 12, 0, 32;
    %add;
    %ix/vec4 4;
    %shiftl 4;
    %or;
    %xor;
    %load/vec4 v0x7f9e7dd339d0_0;
    %load/vec4 v0x7f9e7dd35090_0;
    %cmp/u;
    %flag_mov 9, 5;
    %jmp/0 T_1.4, 9;
    %load/vec4 v0x7f9e7dd34fe0_0;
    %load/vec4 v0x7f9e7dd339d0_0;
    %pad/u 32;
    %muli 12, 0, 32;
    %muli 3, 0, 32;
    %part/u 36;
    %pad/u 960;
    %jmp/1 T_1.5, 9;
T_1.4 ; End of true expr.
    %load/vec4 v0x7f9e7dd339d0_0;
    %pad/u 32;
    %load/vec4 v0x7f9e7dd35140_0;
    %pad/u 32;
    %add;
    %cmpi/u 20, 0, 32;
    %flag_mov 10, 5;
    %jmp/0 T_1.6, 10;
    %load/vec4 v0x7f9e7dd34fe0_0;
    %load/vec4 v0x7f9e7dd339d0_0;
    %pad/u 32;
    %load/vec4 v0x7f9e7dd35140_0;
    %pad/u 32;
    %muli 12, 0, 32;
    %muli 3, 0, 32;
    %add;
    %part/u 36;
    %pad/u 960;
    %jmp/1 T_1.7, 10;
T_1.6 ; End of true expr.
    %load/vec4 v0x7f9e7dd35350_0;
    %pad/u 960;
    %jmp/0 T_1.7, 10;
 ; End of false expr.
    %blend;
T_1.7;
    %jmp/0 T_1.5, 9;
 ; End of false expr.
    %blend;
T_1.5;
    %load/vec4 v0x7f9e7dd339d0_0;
    %pad/u 32;
    %muli 12, 0, 32;
    %muli 3, 0, 32;
    %ix/vec4 4;
    %shiftl 4;
    %or;
    %load/vec4 v0x7f9e7dd339d0_0;
    %load/vec4 v0x7f9e7dd35090_0;
    %cmp/u;
    %flag_mov 9, 5;
    %jmp/0 T_1.8, 9;
    %load/vec4 v0x7f9e7dd34fe0_0;
    %pushi/vec4 720, 0, 32;
    %load/vec4 v0x7f9e7dd339d0_0;
    %pad/u 32;
    %muli 12, 0, 32;
    %add;
    %part/u 12;
    %pad/u 960;
    %jmp/1 T_1.9, 9;
T_1.8 ; End of true expr.
    %load/vec4 v0x7f9e7dd339d0_0;
    %pad/u 32;
    %load/vec4 v0x7f9e7dd35140_0;
    %pad/u 32;
    %add;
    %cmpi/u 20, 0, 32;
    %flag_mov 10, 5;
    %jmp/0 T_1.10, 10;
    %load/vec4 v0x7f9e7dd34fe0_0;
    %pushi/vec4 720, 0, 32;
    %load/vec4 v0x7f9e7dd339d0_0;
    %pad/u 32;
    %add;
    %load/vec4 v0x7f9e7dd35140_0;
    %pad/u 32;
    %muli 12, 0, 32;
    %add;
    %part/u 12;
    %pad/u 960;
    %jmp/1 T_1.11, 10;
T_1.10 ; End of true expr.
    %load/vec4 v0x7f9e7dd35400_0;
    %pad/u 960;
    %jmp/0 T_1.11, 10;
 ; End of false expr.
    %blend;
T_1.11;
    %jmp/0 T_1.9, 9;
 ; End of false expr.
    %blend;
T_1.9;
    %pushi/vec4 720, 0, 32;
    %load/vec4 v0x7f9e7dd339d0_0;
    %pad/u 32;
    %muli 12, 0, 32;
    %add;
    %ix/vec4 4;
    %shiftl 4;
    %or;
    %jmp/0 T_1.3, 8;
 ; End of false expr.
    %blend;
T_1.3;
    %assign/vec4 v0x7f9e7dd352a0_0, 0;
    %jmp T_1;
    .thread T_1, $push;
# The file index is used to find the file name in the following table.
:file_names 3;
    "N/A";
    "<interactive>";
    "clear.v";
